<?xml version="1.0" encoding="UTF-8"?>
<beans xmlns="http://www.springframework.org/schema/beans"
       xmlns:xsi="http://www.w3.org/2001/XMLSchema-instance"
       xmlns:context="http://www.springframework.org/schema/context"
       xsi:schemaLocation="
      http://www.springframework.org/schema/beans
      http://www.springframework.org/schema/beans/spring-beans-4.2.xsd
      http://www.springframework.org/schema/context
      http://www.springframework.org/schema/context/spring-context-4.2.xsd">

    <context:annotation-config/>
    <context:property-placeholder location="classpath:reservation-service-rest-client-env.properties" />
    <context:component-scan base-package="com.upgrade.reservation.service.restclient"/>

    <bean id="apiClient" class="com.upgrade.reservation.service.restclient.handler.ApiClient">
        <property name="basePath" value="${rest.api.basePath}"></property>
    </bean>

    <bean id="restTemplateFactory" class ="com.upgrade.reservation.service.restclient.optional.ReservationApiRestTemplateFactory">
    </bean>

</beans>